Loading model: XGBoost_top60_launch_log.joblib

================================================================================
OVERALL TEST METRICS
================================================================================
Test RMSE log     : 1.5403
Test MAE  log     : 1.1857
Test MAE  raw     : 53,309
Test MEDIAN AE raw: 441  ← typical error
Mean residual log : +0.0116  (0 = unbiased; + = systematic overprediction)

================================================================================
ERROR BY ACTUAL-SALES BUCKET  (the most important slice)
================================================================================
              n_games  median_actual_raw  median_predicted_raw  median_AE_raw   mean_AE_raw  rmse_log  mean_residual_log
sales_bucket                                                                                                            
≤100             4677              24.00             53.119999   3.111000e+01  9.443000e+01      1.80               1.14
100-1k           5260             351.50            240.550003   2.560100e+02  6.640500e+02      1.34              -0.20
1k-10k           4439            2616.00           2399.479980   1.740270e+03  4.798210e+03      1.33              -0.27
10k-100k         2062           24797.49          12353.780273   1.619536e+04  3.016469e+04      1.51              -0.78
100k-1M           645          217672.08          63022.378906   1.552115e+05  2.503619e+05      2.04              -1.38
>1M               196         2223281.62         585022.000000   1.801234e+06  3.429665e+06      2.45              -1.79

================================================================================
ERROR BY PUBLISHER CLASS  (0=Hobbyist 1=Indie 2=AA 3=AAA, -1=Unknown)
================================================================================
                     n_games  median_actual  rmse_log  mae_log  mean_residual_log
publisher_class_ord                                                              
0                       9637     156.000000    1.5830   1.2352             0.0039
1                       6956    2816.500000    1.4958   1.1299             0.0166
2                        489   50716.019531    1.4005   1.0753             0.1340
3                        197  228897.953125    1.2811   1.0014            -0.0934

================================================================================
ERROR BY GAME AGE  (years since release; 0 = released this year)
================================================================================
            n_games  median_actual  rmse_log  mean_residual_log
age_bucket                                                     
0               681     112.000000    1.7468             0.0272
1              2983     235.000000    1.7118             0.0400
2-3            4436     365.500000    1.5476            -0.0037
4-5            3328     581.499878    1.5595            -0.0187
6-10           4927    1295.000122    1.4488             0.0298
>10             924   20020.500000    1.0990            -0.0068

================================================================================
ERROR BY MONETISATION  (0=paid, 1=free-to-play)
================================================================================
                 n_games  median_actual  rmse_log  mean_residual_log
is_free_to_play                                                     
0                  14708     417.000000    1.5695             0.0071
1                   2571    2266.999756    1.3614             0.0374

================================================================================
ERROR BY GENRE  (sorted: hardest genres first)
================================================================================
                genre  n_games  median_actual_raw  rmse_log  mae_log  mean_residual_log
         early_access     1666           341.5000    1.6133   1.2674            -0.0163
massively_multiplayer      351          3440.0002    1.5871   1.2453             0.0258
               casual     7708           417.5000    1.5767   1.2072             0.0217
             strategy     3463           667.0000    1.5465   1.1919             0.0558
           simulation     3635           928.0001    1.5446   1.1963             0.0237
               action     7014           568.0001    1.5373   1.1796             0.0049
                indie    12460           574.0001    1.5369   1.1825             0.0106
            adventure     6854           739.0001    1.5324   1.1743             0.0127
                  rpg     3218          1039.0001    1.5257   1.1833             0.0064
               racing      596           467.0001    1.5040   1.1288             0.1075
               sports      742           644.4999    1.4791   1.1303             0.0405
              violent       71          1054.0000    1.3366   1.0088             0.0923
                 gore       41          1088.0001    1.2626   0.9447             0.0552

================================================================================
ERROR BY DESCRIPTION LENGTH  (proxy for dev effort)
================================================================================
             n_games  median_actual  rmse_log  mean_residual_log
desc_bucket                                                     
very_short      3470     299.500000    1.5140            -0.0056
short           3451     399.000000    1.5659             0.0294
medium          3450     637.000000    1.5534             0.0423
long            3455     843.000000    1.5345             0.0097
very_long       3453    1349.000122    1.5334            -0.0178

================================================================================
TOP 15 WORST OVER-PREDICTIONS  (model said HIGH, actually LOW)
================================================================================
                             Name  actual_raw  predicted_raw  residual_log  publisher_class_ord  is_free_to_play  tag_count  language_count  game_age
                      MonsterSoft    1.000000   3.388078e+03      7.435166                    1                0         13               1         6
Paintball 3 - Candy Match Factory    1.000000   3.002378e+03      7.314346                    1                0         20              17         3
Zeus Quest - The Rebirth of Earth    1.000000   2.606942e+03      7.173170                    1                0          0               7         4
             Hieroglyph: Prologue    1.000000   2.297174e+03      7.046723                    1                0         20               2         5
                     Rogue Ninjas    1.000000   2.249253e+03      7.025651                    1                0         20               9         1
       Killing Floor - Toy Master 4968.000000   3.941096e+06      6.675996                    2                1         20               1        12
                          Nubla 2    1.000000   1.291099e+03      6.470876                    1                0          0               3         2
                         Daedalus    1.000000   9.515247e+02      6.165969                    1                0         20               1         2
                       Death Moon    1.000000   9.056870e+02      6.116650                    1                0          0               1         5
                     Star Swapper    1.000000   8.908175e+02      6.100114                    0                0         17               4         8
       Shalnor: Silverwind Saga 2    1.000000   8.846004e+02      6.093119                    1                0          0              12         0
                    Fortuna Magus    1.000000   8.133876e+02      6.009289                    1                0          0               2         0
                 Amazing Machines    1.000000   6.975881e+02      5.855914                    1                0          0               5         4
          Wheel Riders Online OBT  300.999939   9.986259e+04      5.801134                    1                1          5               2         9
                     Cookie Space    1.000000   6.148314e+02      5.729826                    1                0          9               1         5

================================================================================
TOP 15 WORST UNDER-PREDICTIONS  (model said LOW, actually HIGH)
================================================================================
                   Name   actual_raw  predicted_raw  residual_log  publisher_class_ord  is_free_to_play  tag_count  language_count  game_age
       Chained Together 9.388610e+06    7105.721680     -7.186212                    1                0         20               1         2
            War of Dots 3.642461e+05     411.301636     -6.783833                    0                1          0               1         0
              Muse Dash 8.699564e+06   10251.297852     -6.743526                    1                0         20               5         7
                 SIGame 8.870771e+05    1120.485474     -6.673279                    0                1          0               3         1
                MIMESIS 1.286864e+06    2160.810547     -6.389018                    1                0          0              16         1
NIGHT-RUNNERS™ PROLOGUE 7.345763e+05    1500.097778     -6.193099                    0                1         20               1         2
            Farlight 84 5.047036e+06   14528.601562     -5.850368                    1                1          0               2         3
  Backyard Baseball '97 1.073330e+05     334.729919     -5.767394                    1                0         20               1         2
             Cube Racer 3.218943e+06   10140.536133     -5.760169                    0                1          6               1         9
         Death Must Die 1.058233e+06    4018.293945     -5.573251                    1                0         20               1         3
              Weird RPG 3.609888e+05    1409.970093     -5.544572                    1                0         14               2         4
         Hentai Fighter 4.000000e+02       0.596920     -5.525885                    0                0          0               1         6
         Banana Shooter 2.108734e+06   10448.114258     -5.307326                    0                1          0               4         4
         The Long Drive 1.883478e+06    9997.541992     -5.238437                    1                0         20               1         7
                 ATLYSS 6.498291e+05    3615.724609     -5.191142                    1                0         20               1         2

All diagnostic tables saved under: /Users/Chenjunyu/Desktop/Academic Materials/UPenn/CIS5450-FINAL-PROJECT/outputs/error_analysis/
